app/build/intermediates/manifest_merge_blame_file/debug/manifest-merger-blame-debug-report.txt
1<?xml version="1.0" encoding="utf-8"?>
2<manifest xmlns:android="http://schemas.android.com/apk/res/android"
3    package="com.ravirathod.facedetectionLGM"
4    android:versionCode="1"
5    android:versionName="1.0" >
6
7    <uses-sdk
8        android:minSdkVersion="23"
8-->src\main\AndroidManifest.xml
9        android:targetSdkVersion="30" />
9-->src\main\AndroidManifest.xml
10
11    <uses-permission android:name="android.permission.REORDER_TASKS" />
11-->[androidx.test:core:1.5.0] AndroidManifest.xml:24:5-72
11-->[androidx.test:core:1.5.0] AndroidManifest.xml:24:22-69
12
13    <application
13-->src\main\AndroidManifest.xml:5:5-29:19
14        android:allowBackup="true"
14-->src\main\AndroidManifest.xml:6:9-35
15        android:appComponentFactory="androidx.core.app.CoreComponentFactory"
15-->[androidx.core:core:1.5.0] AndroidManifest.xml:24:18-86
16        android:debuggable="true"
17        android:icon="@drawable/img"
17-->src\main\AndroidManifest.xml:7:9-37
18        android:label="@string/app_name"
18-->src\main\AndroidManifest.xml:8:9-41
19        android:roundIcon="@drawable/img"
19-->src\main\AndroidManifest.xml:9:9-42
20        android:supportsRtl="true"
20-->src\main\AndroidManifest.xml:10:9-35
21        android:testOnly="true"
22        android:theme="@style/AppTheme" >
22-->src\main\AndroidManifest.xml:11:9-40
23        <activity
23-->src\main\AndroidManifest.xml:12:9-20:20
24            android:name="com.ravirathod.facedetectionLGM.SplashScreen"
24-->src\main\AndroidManifest.xml:13:13-41
25            android:exported="true" >
25-->src\main\AndroidManifest.xml:14:13-36
26            <intent-filter>
26-->src\main\AndroidManifest.xml:15:13-19:29
27                <action android:name="android.intent.action.MAIN" />
27-->src\main\AndroidManifest.xml:16:17-69
27-->src\main\AndroidManifest.xml:16:25-66
28
29                <category android:name="android.intent.category.LAUNCHER" />
29-->src\main\AndroidManifest.xml:18:17-77
29-->src\main\AndroidManifest.xml:18:27-74
30            </intent-filter>
31        </activity>
32        <activity
32-->src\main\AndroidManifest.xml:21:9-24:20
33            android:name="com.ravirathod.facedetectionLGM.MainActivity"
33-->src\main\AndroidManifest.xml:21:19-47
34            android:exported="false" >
34-->src\main\AndroidManifest.xml:22:13-37
35        </activity>
36
37        <meta-data
37-->src\main\AndroidManifest.xml:26:9-28:57
38            android:name="preloaded_fonts"
38-->src\main\AndroidManifest.xml:27:13-43
39            android:resource="@array/preloaded_fonts" />
39-->src\main\AndroidManifest.xml:28:13-54
40
41        <activity
41-->[com.google.android.gms:play-services-base:15.0.1] AndroidManifest.xml:23:9-26:75
42            android:name="com.google.android.gms.common.api.GoogleApiActivity"
42-->[com.google.android.gms:play-services-base:15.0.1] AndroidManifest.xml:24:13-79
43            android:exported="false"
43-->[com.google.android.gms:play-services-base:15.0.1] AndroidManifest.xml:25:13-37
44            android:theme="@android:style/Theme.Translucent.NoTitleBar" />
44-->[com.google.android.gms:play-services-base:15.0.1] AndroidManifest.xml:26:13-72
45
46        <provider
46-->[com.google.firebase:firebase-common:16.0.0] AndroidManifest.xml:9:9-13:39
47            android:name="com.google.firebase.provider.FirebaseInitProvider"
47-->[com.google.firebase:firebase-common:16.0.0] AndroidManifest.xml:10:13-77
48            android:authorities="com.ravirathod.facedetectionLGM.firebaseinitprovider"
48-->[com.google.firebase:firebase-common:16.0.0] AndroidManifest.xml:11:13-72
49            android:exported="false"
49-->[com.google.firebase:firebase-common:16.0.0] AndroidManifest.xml:12:13-37
50            android:initOrder="100" />
50-->[com.google.firebase:firebase-common:16.0.0] AndroidManifest.xml:13:13-36
51
52        <meta-data
52-->[com.google.android.gms:play-services-basement:15.0.1] AndroidManifest.xml:23:9-25:69
53            android:name="com.google.android.gms.version"
53-->[com.google.android.gms:play-services-basement:15.0.1] AndroidManifest.xml:24:13-58
54            android:value="@integer/google_play_services_version" />
54-->[com.google.android.gms:play-services-basement:15.0.1] AndroidManifest.xml:25:13-66
55
56        <activity
56-->[androidx.test:core:1.5.0] AndroidManifest.xml:27:9-34:20
57            android:name="androidx.test.core.app.InstrumentationActivityInvoker$BootstrapActivity"
57-->[androidx.test:core:1.5.0] AndroidManifest.xml:28:13-99
58            android:exported="true"
58-->[androidx.test:core:1.5.0] AndroidManifest.xml:29:13-36
59            android:theme="@style/WhiteBackgroundTheme" >
59-->[androidx.test:core:1.5.0] AndroidManifest.xml:30:13-56
60            <intent-filter android:priority="-100" >
60-->[androidx.test:core:1.5.0] AndroidManifest.xml:31:13-33:29
60-->[androidx.test:core:1.5.0] AndroidManifest.xml:31:28-51
61                <category android:name="android.intent.category.LAUNCHER" />
61-->src\main\AndroidManifest.xml:18:17-77
61-->src\main\AndroidManifest.xml:18:27-74
62            </intent-filter>
63        </activity>
64        <activity
64-->[androidx.test:core:1.5.0] AndroidManifest.xml:35:9-42:20
65            android:name="androidx.test.core.app.InstrumentationActivityInvoker$EmptyActivity"
65-->[androidx.test:core:1.5.0] AndroidManifest.xml:36:13-95
66            android:exported="true"
66-->[androidx.test:core:1.5.0] AndroidManifest.xml:37:13-36
67            android:theme="@style/WhiteBackgroundTheme" >
67-->[androidx.test:core:1.5.0] AndroidManifest.xml:38:13-56
68            <intent-filter android:priority="-100" >
68-->[androidx.test:core:1.5.0] AndroidManifest.xml:31:13-33:29
68-->[androidx.test:core:1.5.0] AndroidManifest.xml:31:28-51
69                <category android:name="android.intent.category.LAUNCHER" />
69-->src\main\AndroidManifest.xml:18:17-77
69-->src\main\AndroidManifest.xml:18:27-74
70            </intent-filter>
71        </activity>
72        <activity
72-->[androidx.test:core:1.5.0] AndroidManifest.xml:43:9-50:20
73            android:name="androidx.test.core.app.InstrumentationActivityInvoker$EmptyFloatingActivity"
73-->[androidx.test:core:1.5.0] AndroidManifest.xml:44:13-103
74            android:exported="true"
74-->[androidx.test:core:1.5.0] AndroidManifest.xml:45:13-36
75            android:theme="@style/WhiteBackgroundDialogTheme" >
75-->[androidx.test:core:1.5.0] AndroidManifest.xml:46:13-62
76            <intent-filter android:priority="-100" >
76-->[androidx.test:core:1.5.0] AndroidManifest.xml:31:13-33:29
76-->[androidx.test:core:1.5.0] AndroidManifest.xml:31:28-51
77                <category android:name="android.intent.category.LAUNCHER" />
77-->src\main\AndroidManifest.xml:18:17-77
77-->src\main\AndroidManifest.xml:18:27-74
78            </intent-filter>
79        </activity>
80    </application>
81
82</manifest>